[2026-03-15T21:16:39.333951] ID=f4af2946-a37c-4a82-9316-2e0c5dd0b2b9 DESC= URN=global USER=Yaser Omar
EXISTS CHECK: ('RNE2006_IS_010.pdf', None, 'global', False)
UPDATE RESULT: ('RNE2006_IS_010.pdf',)
[2026-03-19T08:26:14.300333] ID=4b205bbd-053b-4484-85af-af6be1d07e16 DESC= URN=global USER=Yaser Omar
EXISTS CHECK: ('01 GAVION SANTA RITA', None, 'global', False)
UPDATE RESULT: ('01 GAVION SANTA RITA',)
[2026-03-19T08:36:14.625844] ID=defea1f8-5189-4129-8dee-f11282bc48ff DESC=ACCESO 01 URN=global USER=Yaser Omar
EXISTS CHECK: ('VIDEO_ACC._01_AL_180326.mp4', None, 'global', False)
UPDATE RESULT: ('VIDEO_ACC._01_AL_180326.mp4',)
[2026-03-19T08:36:26.538329] ID=2716da39-5ac3-43d2-af9c-9b8af960c7af DESC=CANAL URN=global USER=Yaser Omar
EXISTS CHECK: ('VIDEO_CNLAL_180326.mp4', None, 'global', False)
UPDATE RESULT: ('VIDEO_CNLAL_180326.mp4',)
[2026-03-19T09:02:13.412625] ID=6bb13420-e893-4973-9e6b-0b9cdc8fb909 DESC=ACCESO 02 URN=global USER=Yaser Omar
EXISTS CHECK: ('MAX_0037.JPG.jpeg', None, 'global', False)
UPDATE RESULT: ('MAX_0037.JPG.jpeg',)
[2026-03-19T09:04:34.225974] ID=446b4cf9-de72-4ce8-be93-6aa6e528cee5 DESC=Liberación de terreno de fundación en canal santa rita URN=global USER=Yaser Omar
EXISTS CHECK: ('CANAL.jpeg', None, 'global', False)
UPDATE RESULT: ('CANAL.jpeg',)
[2026-03-19T09:04:40.376240] ID=6bb13420-e893-4973-9e6b-0b9cdc8fb909 DESC=ACCESO 01 URN=global USER=Yaser Omar
EXISTS CHECK: ('MAX_0037.JPG.jpeg', 'ACCESO 02', 'global', False)
UPDATE RESULT: ('MAX_0037.JPG.jpeg',)
[2026-03-19T09:04:52.050442] ID=6bb13420-e893-4973-9e6b-0b9cdc8fb909 DESC=ACCESO 01 URN=global USER=Yaser Omar
EXISTS CHECK: ('MAX_0037.JPG.jpeg', 'ACCESO 01', 'global', False)
UPDATE RESULT: ('MAX_0037.JPG.jpeg',)
[2026-03-19T09:11:41.304240] ID=88aedbc1-a113-4788-ab72-dcaa6aad1cd5 DESC=VACEADO DE SOLA BP4 URN=global USER=Yaser Omar
EXISTS CHECK: ('BP-4.jpeg', None, 'global', False)
UPDATE RESULT: ('BP-4.jpeg',)
[2026-03-19T09:11:47.350664] ID=e6bb191d-14d5-4112-8191-1adcd8cd4de1 DESC=ACCESO 02 URN=global USER=Yaser Omar
EXISTS CHECK: ('acceso_02.jpeg', None, 'global', False)
UPDATE RESULT: ('acceso_02.jpeg',)
[2026-03-19T09:11:52.619600] ID=446b4cf9-de72-4ce8-be93-6aa6e528cee5 DESC=Liberación de terreno de fundación en canal santa rita URN=global USER=Yaser Omar
EXISTS CHECK: ('CANAL.jpeg', 'Liberación de terreno de fundación en canal santa rita', 'global', False)
UPDATE RESULT: ('CANAL.jpeg',)
[2026-03-19T09:19:57.661464] ID=446b4cf9-de72-4ce8-be93-6aa6e528cee5 DESC=Liberación de terreno de fundación en canal santa rita Progresiva 0+575 Progresiva 0+625 URN=global USER=Yaser Omar
EXISTS CHECK: ('CANAL.jpeg', 'Liberación de terreno de fundación en canal santa rita', 'global', False)
UPDATE RESULT: ('CANAL.jpeg',)
[2026-03-19T09:25:50.766339] ID=9ac1a489-bd56-473f-983c-3d89dbeaa0fe DESC=VACEADO DE SOLADO BP-4 URN=global USER=Yaser Omar
EXISTS CHECK: ('BP-4.jpeg', None, 'global', False)
UPDATE RESULT: ('BP-4.jpeg',)
[2026-03-19T09:31:15.677867] ID=6f1d4dfd-8069-4cff-baf6-be362fb3e691 DESC= URN=global USER=Yaser Omar
EXISTS CHECK: ('WhatsApp_Image_2026-03-18_at_2.08.13_PM.jpeg', None, 'global', False)
UPDATE RESULT: ('WhatsApp_Image_2026-03-18_at_2.08.13_PM.jpeg',)
[2026-03-19T09:31:46.526097] ID=a6a29fff-9455-4a95-a9cb-30d88137861d DESC=Excavación y perfilado para colocación de entibados (CS-APN-2). URN=global USER=Yaser Omar
EXISTS CHECK: ('CS-APN-2.jpeg', None, 'global', False)
UPDATE RESULT: ('CS-APN-2.jpeg',)
[2026-03-19T09:33:02.622476] ID=8996b2a2-9f66-4435-9cc9-7e54a863f36d DESC=Sellado de tubería con cordón de soldadura HDPE (CP-APN-1) URN=global USER=Yaser Omar
EXISTS CHECK: ('CP-APN-1.jpeg', None, 'global', False)
UPDATE RESULT: ('CP-APN-1.jpeg',)
[2026-03-19T09:34:36.479106] ID=72430388-d806-43d9-92b9-f76922a77707 DESC=Segundo Relleno (afirmado) - CP-APN-4 (Capa 01). URN=global USER=Yaser Omar
EXISTS CHECK: ('CP-APN-4_-_RELLENO.jpeg', None, 'global', False)
UPDATE RESULT: ('CP-APN-4_-_RELLENO.jpeg',)
[2026-03-19T09:42:57.220895] ID=eb5e4ce9-0651-4931-81c8-1eb495e04e30 DESC=EXCVACIONES PARA GAVIONES EN SANTA RITA URN=global USER=Yaser Omar
EXISTS CHECK: ('GAVIONES_-_SR_-_EXCAVACION.jpeg', None, 'global', False)
UPDATE RESULT: ('GAVIONES_-_SR_-_EXCAVACION.jpeg',)
[2026-03-19T09:46:45.008022] ID=2f57007f-d456-4138-b4da-7463178c5776 DESC=EMPREDRADO DE GAVIONES EN DESCARGA SANTA RITA URN=global USER=Yaser Omar
EXISTS CHECK: ('GAVIONES-SR-EMPEDRADO', None, 'global', False)
UPDATE RESULT: ('GAVIONES-SR-EMPEDRADO',)
[2026-03-19T09:48:40.188223] ID=5b5f218f-28f9-43e5-8043-95a1c202101d DESC=Liberación del fundación de estrurura de descarga politécnico URN=global USER=Yaser Omar
EXISTS CHECK: ('GAVIONES-POL-FUNDACION.jpeg', None, 'global', False)
UPDATE RESULT: ('GAVIONES-POL-FUNDACION.jpeg',)
[2026-03-19T09:51:06.247904] ID=476c292b-2f2c-46b3-815c-b3e22f5d0c5f DESC=FUNDACION EN GAVIONES POLITECNICO URN=global USER=Yaser Omar
EXISTS CHECK: ('GAVIONES-POL-FUNDACION', None, 'global', False)
UPDATE RESULT: ('GAVIONES-POL-FUNDACION',)
[2026-03-19T09:52:38.736690] ID=df92b53e-7162-40e6-8397-0c7e675dc445 DESC=Corte y perfilado - Tramo 3 (Canal Santa Rita). URN=global USER=Yaser Omar
EXISTS CHECK: ('CANAL-SR-TRAMO3-EXCAVACION.jpeg', None, 'global', False)
UPDATE RESULT: ('CANAL-SR-TRAMO3-EXCAVACION.jpeg',)
[2026-03-19T09:59:42.898287] ID=4981d877-bbc2-47d1-b883-5d3e7edcf615 DESC=Sellado de tubería con soldadura HDPE (CP-APN-2). URN=global USER=Yaser Omar
EXISTS CHECK: ('CP-APN-2-SELLADO', None, 'global', False)
UPDATE RESULT: ('CP-APN-2-SELLADO',)
[2026-03-19T10:02:13.088026] ID=8debe324-441d-444f-bb4f-6fb216da9d54 DESC= Calafateo en BP-2 URN=global USER=Yaser Omar
EXISTS CHECK: ('BP-2-CALEFATEO.jpeg', None, 'global', False)
UPDATE RESULT: ('BP-2-CALEFATEO.jpeg',)
[2026-03-19T10:04:40.242395] ID=3db6bfe7-4d35-4532-acc9-a051b7da0c23 DESC=Actividad: Colocación de entibados (CS-APN-2). URN=global USER=Yaser Omar
EXISTS CHECK: ('CS-APN-2-ENTIBADOS', None, 'global', False)
UPDATE RESULT: ('CS-APN-2-ENTIBADOS',)
[2026-03-19T10:04:48.480445] ID=3db6bfe7-4d35-4532-acc9-a051b7da0c23 DESC=Colocación de entibados (CS-APN-2). URN=global USER=Yaser Omar
EXISTS CHECK: ('CS-APN-2-ENTIBADOS', 'Actividad: Colocación de entibados (CS-APN-2).', 'global', False)
UPDATE RESULT: ('CS-APN-2-ENTIBADOS',)
[2026-03-19T10:08:01.573178] ID=ec646c08-05f8-4418-9573-8313f8f7d34d DESC=Aportante 4, liberación de geobolsas. URN=global USER=Yaser Omar
EXISTS CHECK: ('APORTANTE_4-GEOBOLSAS.jpeg', None, 'global', False)
UPDATE RESULT: ('APORTANTE_4-GEOBOLSAS.jpeg',)
